<?xml version="1.0" encoding="UTF-8"?>
<!-- Generated by org.testng.reporters.JUnitReportReporter -->
<testsuite hostname="DESKTOP-H9F4LOM" failures="0" tests="1" name="com.actitime.testscript.Demo" time="0.013" errors="0" timestamp="2022-06-04T20:15:21 IST" skipped="0">
  <testcase classname="com.actitime.testscript.Demo" name="CreateCustomer" time="0.013"/>
  <system-out>
    <![CDATA[bye]]>
  </system-out>
</testsuite> <!-- com.actitime.testscript.Demo -->
